<?xml version="1.0" encoding="UTF-8"?>
<!-- Generated by org.testng.reporters.JUnitReportReporter -->
<testsuite hostname="DIO" failures="0" tests="1" name="newpackage.TestJunit" time="0.010" errors="0" timestamp="25 Apr 2018 21:08:21 GMT" skipped="0">
  <testcase classname="newpackage.TestJunit" name="testSetup" time="0.010"/>
</testsuite> <!-- newpackage.TestJunit -->
